{
  "RSpec": {
    "coverage": {
      "/Users/timraasveld/projects/screensmart/app/commands/send_invitation.rb": [
        1,
        1,
        1,
        1,
        null,
        null,
        1,
        1,
        1,
        null,
        1,
        4,
        null,
        null,
        null,
        null,
        null,
        1,
        null,
        1,
        10,
        8,
        8,
        2,
        null,
        null,
        null
      ],
      "/Users/timraasveld/projects/screensmart/app/commands/set_answer.rb": [
        1,
        1,
        1,
        1,
        null,
        1,
        1,
        1,
        1,
        null,
        1,
        3,
        null,
        null,
        null,
        null,
        1,
        11,
        2,
        null,
        null,
        1,
        11,
        4,
        null,
        null,
        1,
        null,
        11,
        null,
        7,
        2,
        null,
        null,
        1,
        7,
        null,
        null
      ],
      "/Users/timraasveld/projects/screensmart/app/controllers/answers_controller.rb": [
        1,
        1,
        2,
        null,
        2,
        null,
        null,
        1,
        2,
        null,
        null
      ],
      "/Users/timraasveld/projects/screensmart/app/controllers/application_controller.rb": [
        1,
        null,
        1,
        1,
        1,
        1,
        null,
        1,
        null,
        1,
        18,
        null,
        null
      ],
      "/Users/timraasveld/projects/screensmart/lib/application_responder.rb": [
        1,
        1,
        1,
        null
      ],
      "/Users/timraasveld/projects/screensmart/app/controllers/domains_controller.rb": [
        1,
        1,
        1,
        1,
        null,
        null
      ],
      "/Users/timraasveld/projects/screensmart/app/controllers/invitations_controller.rb": [
        1,
        1,
        3,
        3,
        2,
        null,
        1,
        null,
        null,
        null
      ],
      "/Users/timraasveld/projects/screensmart/app/controllers/responses_controller.rb": [
        1,
        1,
        2,
        2,
        null,
        null
      ],
      "/Users/timraasveld/projects/screensmart/app/models/answer_option_set.rb": [
        1,
        1,
        null,
        1,
        null,
        1,
        1,
        1,
        null,
        null,
        null
      ],
      "/Users/timraasveld/projects/screensmart/app/models/base_model.rb": [
        1,
        1,
        1,
        1,
        null,
        1,
        null,
        1,
        141,
        139,
        null,
        2,
        null,
        null,
        null,
        null
      ],
      "/Users/timraasveld/projects/screensmart/app/models/events/event.rb": [
        1,
        1,
        1,
        1,
        null,
        1,
        2,
        null,
        null,
        null
      ],
      "/Users/timraasveld/projects/screensmart/app/models/question.rb": [
        1,
        1,
        null,
        60,
        null,
        null,
        null,
        1,
        3,
        59,
        57,
        null,
        null,
        null,
        null,
        1,
        25,
        null,
        null,
        50,
        null,
        null,
        null,
        null,
        1,
        21,
        null,
        null,
        1,
        82,
        null,
        null,
        1,
        7,
        7,
        null,
        null
      ],
      "/Users/timraasveld/projects/screensmart/app/models/r_package.rb": [
        null,
        1,
        1,
        258,
        null,
        null,
        1,
        335,
        null,
        null,
        1,
        161,
        null,
        null,
        1,
        24,
        null,
        null,
        1,
        10,
        null,
        null,
        1,
        171,
        null,
        null,
        null,
        null,
        null,
        1,
        86,
        null,
        85,
        null,
        null,
        null,
        null,
        85,
        80,
        null,
        null,
        null,
        null,
        80,
        null,
        null,
        null,
        1,
        165,
        null,
        null,
        1,
        null,
        null,
        null,
        165,
        null,
        null,
        1,
        165,
        null,
        null,
        1,
        343,
        7,
        7,
        null,
        1,
        null,
        2,
        null,
        null,
        null,
        null,
        1,
        1,
        null,
        null,
        null,
        1,
        7,
        null,
        7,
        null,
        4,
        4,
        null,
        null,
        1,
        344,
        null,
        null,
        1,
        344,
        13,
        null,
        null,
        null,
        1,
        13,
        null,
        null,
        1,
        1,
        null,
        1,
        1,
        1,
        null,
        null,
        null
      ],
      "/Users/timraasveld/projects/screensmart/app/models/response.rb": [
        null,
        null,
        null,
        null,
        null,
        null,
        null,
        null,
        1,
        1,
        null,
        null,
        1,
        4,
        82,
        82,
        null,
        null,
        null,
        null,
        1,
        82,
        null,
        null,
        1,
        16,
        null,
        null,
        1,
        16,
        null,
        null,
        1,
        18,
        18,
        null,
        null,
        null,
        1,
        100,
        null,
        null,
        1,
        34,
        null,
        null,
        1,
        20,
        null,
        null
      ],
      "/Users/timraasveld/projects/screensmart/app/serializers/response_serializer.rb": [
        1,
        1,
        null,
        1,
        null,
        null,
        1,
        1,
        null,
        1,
        null,
        null,
        1,
        1,
        null,
        1,
        null
      ],
      "/Users/timraasveld/projects/screensmart/app/models/events/invitation_sent.rb": [
        1,
        1,
        1,
        null,
        null,
        null
      ],
      "/Users/timraasveld/projects/screensmart/app/controllers/app_controller.rb": [
        1,
        1,
        null
      ],
      "/Users/timraasveld/projects/screensmart/app/models/events/answer_set.rb": [
        1,
        1,
        1,
        null,
        null,
        null,
        1,
        null,
        96,
        100,
        null,
        null,
        null,
        1,
        null,
        96,
        100,
        null,
        null,
        1,
        100,
        null,
        null,
        null
      ],
      "/Users/timraasveld/projects/screensmart/app/models/answer.rb": [
        1,
        1,
        null,
        1,
        1,
        null,
        1,
        16,
        16,
        16,
        null,
        null
      ],
      "/Users/timraasveld/projects/screensmart/app/models/answer_option.rb": [
        1,
        1,
        null
      ]
    },
    "timestamp": 1468922678
  }
}
